# JRE version: Java(TM) SE Runtime Environment (8.0_60-b27) (build 1.8.0_60-b27)
# Java VM: Java HotSpot(TM) Client VM (25.60-b23 mixed mode, sharing windows-x86 )
Heap:
 def new generation   total 4928K, used 3095K [0x03c00000, 0x04150000, 0x09150000)
  eden space 4416K,  65% used [0x03c00000, 0x03ed5420, 0x04050000)
  from space 512K,  38% used [0x040d0000, 0x04100a60, 0x04150000)
  to   space 512K,   0% used [0x04050000, 0x04050000, 0x040d0000)
 tenured generation   total 10944K, used 7935K [0x09150000, 0x09c00000, 0x13c00000)
   the space 10944K,  72% used [0x09150000, 0x0990fc50, 0x0990fe00, 0x09c00000)
 Metaspace       used 1317K, capacity 2769K, committed 2880K, reserved 4480K
GC Heap History (10 events):
Event: 20.084 GC heap before
{Heap before GC invocations=8 (full 0):
 def new generation   total 4928K, used 4570K [0x03c00000, 0x04150000, 0x09150000)
  eden space 4416K, 100% used [0x03c00000, 0x04050000, 0x04050000)
  from space 512K,  30% used [0x04050000, 0x04076ab8, 0x040d0000)
  to   space 512K,   0% used [0x040d0000, 0x040d0000, 0x04150000)
 tenured generation   total 10944K, used 7935K [0x09150000, 0x09c00000, 0x13c00000)
   the space 10944K,  72% used [0x09150000, 0x0990fc50, 0x0990fe00, 0x09c00000)
 Metaspace       used 1282K, capacity 2735K, committed 2752K, reserved 4480K
Event: 20.084 GC heap after
Heap after GC invocations=9 (full 0):
 def new generation   total 4928K, used 154K [0x03c00000, 0x04150000, 0x09150000)
  eden space 4416K,   0% used [0x03c00000, 0x03c00000, 0x04050000)
  from space 512K,  30% used [0x040d0000, 0x040f6b20, 0x04150000)
  to   space 512K,   0% used [0x04050000, 0x04050000, 0x040d0000)
 tenured generation   total 10944K, used 7935K [0x09150000, 0x09c00000, 0x13c00000)
   the space 10944K,  72% used [0x09150000, 0x0990fc50, 0x0990fe00, 0x09c00000)
 Metaspace       used 1282K, capacity 2735K, committed 2752K, reserved 4480K
}
Event: 20.534 GC heap before
{Heap before GC invocations=9 (full 0):
 def new generation   total 4928K, used 4570K [0x03c00000, 0x04150000, 0x09150000)
  eden space 4416K, 100% used [0x03c00000, 0x04050000, 0x04050000)
  from space 512K,  30% used [0x040d0000, 0x040f6b20, 0x04150000)
  to   space 512K,   0% used [0x04050000, 0x04050000, 0x040d0000)
 tenured generation   total 10944K, used 7935K [0x09150000, 0x09c00000, 0x13c00000)
   the space 10944K,  72% used [0x09150000, 0x0990fc50, 0x0990fe00, 0x09c00000)
 Metaspace       used 1282K, capacity 2735K, committed 2752K, reserved 4480K
Event: 20.534 GC heap after
Heap after GC invocations=10 (full 0):
 def new generation   total 4928K, used 154K [0x03c00000, 0x04150000, 0x09150000)
  eden space 4416K,   0% used [0x03c00000, 0x03c00000, 0x04050000)
  from space 512K,  30% used [0x04050000, 0x04076b60, 0x040d0000)
  to   space 512K,   0% used [0x040d0000, 0x040d0000, 0x04150000)
 tenured generation   total 10944K, used 7935K [0x09150000, 0x09c00000, 0x13c00000)
   the space 10944K,  72% used [0x09150000, 0x0990fc50, 0x0990fe00, 0x09c00000)
 Metaspace       used 1282K, capacity 2735K, committed 2752K, reserved 4480K
}
Event: 21.044 GC heap before
{Heap before GC invocations=10 (full 0):
 def new generation   total 4928K, used 4570K [0x03c00000, 0x04150000, 0x09150000)
  eden space 4416K, 100% used [0x03c00000, 0x04050000, 0x04050000)
  from space 512K,  30% used [0x04050000, 0x04076b60, 0x040d0000)
  to   space 512K,   0% used [0x040d0000, 0x040d0000, 0x04150000)
 tenured generation   total 10944K, used 7935K [0x09150000, 0x09c00000, 0x13c00000)
   the space 10944K,  72% used [0x09150000, 0x0990fc50, 0x0990fe00, 0x09c00000)
 Metaspace       used 1282K, capacity 2735K, committed 2752K, reserved 4480K
Event: 21.044 GC heap after
Heap after GC invocations=11 (full 0):
 def new generation   total 4928K, used 155K [0x03c00000, 0x04150000, 0x09150000)
  eden space 4416K,   0% used [0x03c00000, 0x03c00000, 0x04050000)
  from space 512K,  30% used [0x040d0000, 0x040f6c48, 0x04150000)
  to   space 512K,   0% used [0x04050000, 0x04050000, 0x040d0000)
 tenured generation   total 10944K, used 7935K [0x09150000, 0x09c00000, 0x13c00000)
   the space 10944K,  72% used [0x09150000, 0x0990fc50, 0x0990fe00, 0x09c00000)
 Metaspace       used 1282K, capacity 2735K, committed 2752K, reserved 4480K
}
Event: 21.471 GC heap before
{Heap before GC invocations=11 (full 0):
 def new generation   total 4928K, used 4571K [0x03c00000, 0x04150000, 0x09150000)
  eden space 4416K, 100% used [0x03c00000, 0x04050000, 0x04050000)
  from space 512K,  30% used [0x040d0000, 0x040f6c48, 0x04150000)
  to   space 512K,   0% used [0x04050000, 0x04050000, 0x040d0000)
 tenured generation   total 10944K, used 7935K [0x09150000, 0x09c00000, 0x13c00000)
   the space 10944K,  72% used [0x09150000, 0x0990fc50, 0x0990fe00, 0x09c00000)
 Metaspace       used 1287K, capacity 2735K, committed 2752K, reserved 4480K
Event: 21.471 GC heap after
Heap after GC invocations=12 (full 0):
 def new generation   total 4928K, used 205K [0x03c00000, 0x04150000, 0x09150000)
  eden space 4416K,   0% used [0x03c00000, 0x03c00000, 0x04050000)
  from space 512K,  40% used [0x04050000, 0x04083608, 0x040d0000)
  to   space 512K,   0% used [0x040d0000, 0x040d0000, 0x04150000)
 tenured generation   total 10944K, used 7935K [0x09150000, 0x09c00000, 0x13c00000)
   the space 10944K,  72% used [0x09150000, 0x0990fc50, 0x0990fe00, 0x09c00000)
 Metaspace       used 1287K, capacity 2735K, committed 2752K, reserved 4480K
}
Event: 21.894 GC heap before
{Heap before GC invocations=12 (full 0):
 def new generation   total 4928K, used 4621K [0x03c00000, 0x04150000, 0x09150000)
  eden space 4416K, 100% used [0x03c00000, 0x04050000, 0x04050000)
  from space 512K,  40% used [0x04050000, 0x04083608, 0x040d0000)
  to   space 512K,   0% used [0x040d0000, 0x040d0000, 0x04150000)
 tenured generation   total 10944K, used 7935K [0x09150000, 0x09c00000, 0x13c00000)
   the space 10944K,  72% used [0x09150000, 0x0990fc50, 0x0990fe00, 0x09c00000)
 Metaspace       used 1290K, capacity 2737K, committed 2752K, reserved 4480K
Event: 21.895 GC heap after
Heap after GC invocations=13 (full 0):
 def new generation   total 4928K, used 194K [0x03c00000, 0x04150000, 0x09150000)
  eden space 4416K,   0% used [0x03c00000, 0x03c00000, 0x04050000)
  from space 512K,  38% used [0x040d0000, 0x04100a60, 0x04150000)
  to   space 512K,   0% used [0x04050000, 0x04050000, 0x040d0000)
 tenured generation   total 10944K, used 7935K [0x09150000, 0x09c00000, 0x13c00000)
   the space 10944K,  72% used [0x09150000, 0x0990fc50, 0x0990fe00, 0x09c00000)
 Metaspace       used 1290K, capacity 2737K, committed 2752K, reserved 4480K
}

